# JRE version: OpenJDK Runtime Environment Temurin-17.0.6+10 (17.0.6+10) (build 17.0.6+10)
# Java VM: OpenJDK 64-Bit Server VM Temurin-17.0.6+10 (17.0.6+10, mixed mode, tiered, compressed oops, compressed class ptrs, parallel gc, windows-amd64)
GC Precious Log:
 CPUs: 8 total, 8 available
 Memory: 8074M
 Large Page Support: Disabled
 NUMA Support: Disabled
 Compressed Oops: Enabled (32-bit)
 Alignments: Space 512K, Generation 512K, Heap 2M
 Heap Min Capacity: 100M
 Heap Initial Capacity: 100M
 Heap Max Capacity: 1G
 Pre-touch: Disabled
 Parallel Workers: 8
Heap:
 PSYoungGen      total 32256K, used 20124K [0x00000000eab00000, 0x00000000edf80000, 0x0000000100000000)
  eden space 29696K, 60% used [0x00000000eab00000,0x00000000ebc97020,0x00000000ec800000)
  from space 2560K, 82% used [0x00000000edb00000,0x00000000edd10010,0x00000000edd80000)
  to   space 2048K, 0% used [0x00000000edd80000,0x00000000edd80000,0x00000000edf80000)
 ParOldGen       total 361472K, used 342440K [0x00000000c0000000, 0x00000000d6100000, 0x00000000eab00000)
  object space 361472K, 94% used [0x00000000c0000000,0x00000000d4e6a350,0x00000000d6100000)
 Metaspace       used 66991K, committed 67968K, reserved 1114112K
  class space    used 6982K, committed 7424K, reserved 1048576K
GC Heap History (20 events):
Event: 126.886 GC heap before
{Heap before GC invocations=149 (full 10):
 PSYoungGen      total 30208K, used 29518K [0x00000000eab00000, 0x00000000ee180000, 0x0000000100000000)
  eden space 29696K, 97% used [0x00000000eab00000,0x00000000ec75b890,0x00000000ec800000)
  from space 512K, 93% used [0x00000000ee100000,0x00000000ee178000,0x00000000ee180000)
  to   space 1024K, 0% used [0x00000000edf80000,0x00000000edf80000,0x00000000ee080000)
 ParOldGen       total 361472K, used 339288K [0x00000000c0000000, 0x00000000d6100000, 0x00000000eab00000)
  object space 361472K, 93% used [0x00000000c0000000,0x00000000d4b56340,0x00000000d6100000)
 Metaspace       used 66508K, committed 67456K, reserved 1114112K
  class space    used 6967K, committed 7360K, reserved 1048576K
}
Event: 126.889 GC heap after
{Heap after GC invocations=149 (full 10):
 PSYoungGen      total 30720K, used 576K [0x00000000eab00000, 0x00000000ee180000, 0x0000000100000000)
  eden space 29696K, 0% used [0x00000000eab00000,0x00000000eab00000,0x00000000ec800000)
  from space 1024K, 56% used [0x00000000edf80000,0x00000000ee010000,0x00000000ee080000)
  to   space 1024K, 0% used [0x00000000ee080000,0x00000000ee080000,0x00000000ee180000)
 ParOldGen       total 361472K, used 339296K [0x00000000c0000000, 0x00000000d6100000, 0x00000000eab00000)
  object space 361472K, 93% used [0x00000000c0000000,0x00000000d4b58340,0x00000000d6100000)
 Metaspace       used 66508K, committed 67456K, reserved 1114112K
  class space    used 6967K, committed 7360K, reserved 1048576K
}
Event: 129.348 GC heap before
{Heap before GC invocations=150 (full 10):
 PSYoungGen      total 30720K, used 30268K [0x00000000eab00000, 0x00000000ee180000, 0x0000000100000000)
  eden space 29696K, 99% used [0x00000000eab00000,0x00000000ec7ff3c8,0x00000000ec800000)
  from space 1024K, 56% used [0x00000000edf80000,0x00000000ee010000,0x00000000ee080000)
  to   space 1024K, 0% used [0x00000000ee080000,0x00000000ee080000,0x00000000ee180000)
 ParOldGen       total 361472K, used 339296K [0x00000000c0000000, 0x00000000d6100000, 0x00000000eab00000)
  object space 361472K, 93% used [0x00000000c0000000,0x00000000d4b58340,0x00000000d6100000)
 Metaspace       used 66530K, committed 67456K, reserved 1114112K
  class space    used 6968K, committed 7360K, reserved 1048576K
}
Event: 129.350 GC heap after
{Heap after GC invocations=150 (full 10):
 PSYoungGen      total 30720K, used 736K [0x00000000eab00000, 0x00000000ee180000, 0x0000000100000000)
  eden space 29696K, 0% used [0x00000000eab00000,0x00000000eab00000,0x00000000ec800000)
  from space 1024K, 71% used [0x00000000ee080000,0x00000000ee138000,0x00000000ee180000)
  to   space 1024K, 0% used [0x00000000edf80000,0x00000000edf80000,0x00000000ee080000)
 ParOldGen       total 361472K, used 339296K [0x00000000c0000000, 0x00000000d6100000, 0x00000000eab00000)
  object space 361472K, 93% used [0x00000000c0000000,0x00000000d4b58340,0x00000000d6100000)
 Metaspace       used 66530K, committed 67456K, reserved 1114112K
  class space    used 6968K, committed 7360K, reserved 1048576K
}
Event: 132.261 GC heap before
{Heap before GC invocations=151 (full 10):
 PSYoungGen      total 30720K, used 30044K [0x00000000eab00000, 0x00000000ee180000, 0x0000000100000000)
  eden space 29696K, 98% used [0x00000000eab00000,0x00000000ec79f230,0x00000000ec800000)
  from space 1024K, 71% used [0x00000000ee080000,0x00000000ee138000,0x00000000ee180000)
  to   space 1024K, 0% used [0x00000000edf80000,0x00000000edf80000,0x00000000ee080000)
 ParOldGen       total 361472K, used 339296K [0x00000000c0000000, 0x00000000d6100000, 0x00000000eab00000)
  object space 361472K, 93% used [0x00000000c0000000,0x00000000d4b58340,0x00000000d6100000)
 Metaspace       used 66557K, committed 67520K, reserved 1114112K
  class space    used 6969K, committed 7360K, reserved 1048576K
}
Event: 132.263 GC heap after
{Heap after GC invocations=151 (full 10):
 PSYoungGen      total 30720K, used 928K [0x00000000eab00000, 0x00000000ee100000, 0x0000000100000000)
  eden space 29696K, 0% used [0x00000000eab00000,0x00000000eab00000,0x00000000ec800000)
  from space 1024K, 90% used [0x00000000edf80000,0x00000000ee068000,0x00000000ee080000)
  to   space 512K, 0% used [0x00000000ee080000,0x00000000ee080000,0x00000000ee100000)
 ParOldGen       total 361472K, used 339296K [0x00000000c0000000, 0x00000000d6100000, 0x00000000eab00000)
  object space 361472K, 93% used [0x00000000c0000000,0x00000000d4b58340,0x00000000d6100000)
 Metaspace       used 66557K, committed 67520K, reserved 1114112K
  class space    used 6969K, committed 7360K, reserved 1048576K
}
Event: 134.808 GC heap before
{Heap before GC invocations=152 (full 10):
 PSYoungGen      total 30720K, used 30142K [0x00000000eab00000, 0x00000000ee100000, 0x0000000100000000)
  eden space 29696K, 98% used [0x00000000eab00000,0x00000000ec7879e0,0x00000000ec800000)
  from space 1024K, 90% used [0x00000000edf80000,0x00000000ee068000,0x00000000ee080000)
  to   space 512K, 0% used [0x00000000ee080000,0x00000000ee080000,0x00000000ee100000)
 ParOldGen       total 361472K, used 339296K [0x00000000c0000000, 0x00000000d6100000, 0x00000000eab00000)
  object space 361472K, 93% used [0x00000000c0000000,0x00000000d4b58340,0x00000000d6100000)
 Metaspace       used 66604K, committed 67520K, reserved 1114112K
  class space    used 6969K, committed 7360K, reserved 1048576K
}
Event: 134.812 GC heap after
{Heap after GC invocations=152 (full 10):
 PSYoungGen      total 30208K, used 512K [0x00000000eab00000, 0x00000000ee100000, 0x0000000100000000)
  eden space 29696K, 0% used [0x00000000eab00000,0x00000000eab00000,0x00000000ec800000)
  from space 512K, 100% used [0x00000000ee080000,0x00000000ee100000,0x00000000ee100000)
  to   space 2048K, 0% used [0x00000000edd00000,0x00000000edd00000,0x00000000edf00000)
 ParOldGen       total 361472K, used 340224K [0x00000000c0000000, 0x00000000d6100000, 0x00000000eab00000)
  object space 361472K, 94% used [0x00000000c0000000,0x00000000d4c40340,0x00000000d6100000)
 Metaspace       used 66604K, committed 67520K, reserved 1114112K
  class space    used 6969K, committed 7360K, reserved 1048576K
}
Event: 138.688 GC heap before
{Heap before GC invocations=153 (full 10):
 PSYoungGen      total 30208K, used 29689K [0x00000000eab00000, 0x00000000ee100000, 0x0000000100000000)
  eden space 29696K, 98% used [0x00000000eab00000,0x00000000ec77e770,0x00000000ec800000)
  from space 512K, 100% used [0x00000000ee080000,0x00000000ee100000,0x00000000ee100000)
  to   space 2048K, 0% used [0x00000000edd00000,0x00000000edd00000,0x00000000edf00000)
 ParOldGen       total 361472K, used 340224K [0x00000000c0000000, 0x00000000d6100000, 0x00000000eab00000)
  object space 361472K, 94% used [0x00000000c0000000,0x00000000d4c40340,0x00000000d6100000)
 Metaspace       used 66728K, committed 67712K, reserved 1114112K
  class space    used 6981K, committed 7424K, reserved 1048576K
}
Event: 138.692 GC heap after
{Heap after GC invocations=153 (full 10):
 PSYoungGen      total 31744K, used 992K [0x00000000eab00000, 0x00000000ee100000, 0x0000000100000000)
  eden space 29696K, 0% used [0x00000000eab00000,0x00000000eab00000,0x00000000ec800000)
  from space 2048K, 48% used [0x00000000edd00000,0x00000000eddf8000,0x00000000edf00000)
  to   space 1536K, 0% used [0x00000000edf80000,0x00000000edf80000,0x00000000ee100000)
 ParOldGen       total 361472K, used 340280K [0x00000000c0000000, 0x00000000d6100000, 0x00000000eab00000)
  object space 361472K, 94% used [0x00000000c0000000,0x00000000d4c4e340,0x00000000d6100000)
 Metaspace       used 66728K, committed 67712K, reserved 1114112K
  class space    used 6981K, committed 7424K, reserved 1048576K
}
Event: 141.205 GC heap before
{Heap before GC invocations=154 (full 10):
 PSYoungGen      total 31744K, used 30023K [0x00000000eab00000, 0x00000000ee100000, 0x0000000100000000)
  eden space 29696K, 97% used [0x00000000eab00000,0x00000000ec759dc8,0x00000000ec800000)
  from space 2048K, 48% used [0x00000000edd00000,0x00000000eddf8000,0x00000000edf00000)
  to   space 1536K, 0% used [0x00000000edf80000,0x00000000edf80000,0x00000000ee100000)
 ParOldGen       total 361472K, used 340280K [0x00000000c0000000, 0x00000000d6100000, 0x00000000eab00000)
  object space 361472K, 94% used [0x00000000c0000000,0x00000000d4c4e340,0x00000000d6100000)
 Metaspace       used 66743K, committed 67712K, reserved 1114112K
  class space    used 6981K, committed 7424K, reserved 1048576K
}
Event: 141.208 GC heap after
{Heap after GC invocations=154 (full 10):
 PSYoungGen      total 31232K, used 1088K [0x00000000eab00000, 0x00000000ee100000, 0x0000000100000000)
  eden space 29696K, 0% used [0x00000000eab00000,0x00000000eab00000,0x00000000ec800000)
  from space 1536K, 70% used [0x00000000edf80000,0x00000000ee090000,0x00000000ee100000)
  to   space 1536K, 0% used [0x00000000ede00000,0x00000000ede00000,0x00000000edf80000)
 ParOldGen       total 361472K, used 340288K [0x00000000c0000000, 0x00000000d6100000, 0x00000000eab00000)
  object space 361472K, 94% used [0x00000000c0000000,0x00000000d4c50340,0x00000000d6100000)
 Metaspace       used 66743K, committed 67712K, reserved 1114112K
  class space    used 6981K, committed 7424K, reserved 1048576K
}
Event: 145.369 GC heap before
{Heap before GC invocations=155 (full 10):
 PSYoungGen      total 31232K, used 29806K [0x00000000eab00000, 0x00000000ee100000, 0x0000000100000000)
  eden space 29696K, 96% used [0x00000000eab00000,0x00000000ec70b8e8,0x00000000ec800000)
  from space 1536K, 70% used [0x00000000edf80000,0x00000000ee090000,0x00000000ee100000)
  to   space 1536K, 0% used [0x00000000ede00000,0x00000000ede00000,0x00000000edf80000)
 ParOldGen       total 361472K, used 340288K [0x00000000c0000000, 0x00000000d6100000, 0x00000000eab00000)
  object space 361472K, 94% used [0x00000000c0000000,0x00000000d4c50340,0x00000000d6100000)
 Metaspace       used 66811K, committed 67840K, reserved 1114112K
  class space    used 6981K, committed 7424K, reserved 1048576K
}
Event: 145.374 GC heap after
{Heap after GC invocations=155 (full 10):
 PSYoungGen      total 31232K, used 1280K [0x00000000eab00000, 0x00000000ee000000, 0x0000000100000000)
  eden space 29696K, 0% used [0x00000000eab00000,0x00000000eab00000,0x00000000ec800000)
  from space 1536K, 83% used [0x00000000ede00000,0x00000000edf40000,0x00000000edf80000)
  to   space 512K, 0% used [0x00000000edf80000,0x00000000edf80000,0x00000000ee000000)
 ParOldGen       total 361472K, used 340296K [0x00000000c0000000, 0x00000000d6100000, 0x00000000eab00000)
  object space 361472K, 94% used [0x00000000c0000000,0x00000000d4c52340,0x00000000d6100000)
 Metaspace       used 66811K, committed 67840K, reserved 1114112K
  class space    used 6981K, committed 7424K, reserved 1048576K
}
Event: 154.117 GC heap before
{Heap before GC invocations=156 (full 10):
 PSYoungGen      total 31232K, used 30715K [0x00000000eab00000, 0x00000000ee000000, 0x0000000100000000)
  eden space 29696K, 99% used [0x00000000eab00000,0x00000000ec7bec10,0x00000000ec800000)
  from space 1536K, 83% used [0x00000000ede00000,0x00000000edf40000,0x00000000edf80000)
  to   space 512K, 0% used [0x00000000edf80000,0x00000000edf80000,0x00000000ee000000)
 ParOldGen       total 361472K, used 340296K [0x00000000c0000000, 0x00000000d6100000, 0x00000000eab00000)
  object space 361472K, 94% used [0x00000000c0000000,0x00000000d4c52340,0x00000000d6100000)
 Metaspace       used 66865K, committed 67904K, reserved 1114112K
  class space    used 6981K, committed 7424K, reserved 1048576K
}
Event: 154.123 GC heap after
{Heap after GC invocations=156 (full 10):
 PSYoungGen      total 30208K, used 512K [0x00000000eab00000, 0x00000000ee000000, 0x0000000100000000)
  eden space 29696K, 0% used [0x00000000eab00000,0x00000000eab00000,0x00000000ec800000)
  from space 512K, 100% used [0x00000000edf80000,0x00000000ee000000,0x00000000ee000000)
  to   space 1536K, 0% used [0x00000000edd00000,0x00000000edd00000,0x00000000ede80000)
 ParOldGen       total 361472K, used 341120K [0x00000000c0000000, 0x00000000d6100000, 0x00000000eab00000)
  object space 361472K, 94% used [0x00000000c0000000,0x00000000d4d20340,0x00000000d6100000)
 Metaspace       used 66865K, committed 67904K, reserved 1114112K
  class space    used 6981K, committed 7424K, reserved 1048576K
}
Event: 159.534 GC heap before
{Heap before GC invocations=157 (full 10):
 PSYoungGen      total 30208K, used 29750K [0x00000000eab00000, 0x00000000ee000000, 0x0000000100000000)
  eden space 29696K, 98% used [0x00000000eab00000,0x00000000ec78dae0,0x00000000ec800000)
  from space 512K, 100% used [0x00000000edf80000,0x00000000ee000000,0x00000000ee000000)
  to   space 1536K, 0% used [0x00000000edd00000,0x00000000edd00000,0x00000000ede80000)
 ParOldGen       total 361472K, used 341120K [0x00000000c0000000, 0x00000000d6100000, 0x00000000eab00000)
  object space 361472K, 94% used [0x00000000c0000000,0x00000000d4d20340,0x00000000d6100000)
 Metaspace       used 66903K, committed 67904K, reserved 1114112K
  class space    used 6981K, committed 7424K, reserved 1048576K
}
Event: 159.538 GC heap after
{Heap after GC invocations=157 (full 10):
 PSYoungGen      total 31232K, used 736K [0x00000000eab00000, 0x00000000ee000000, 0x0000000100000000)
  eden space 29696K, 0% used [0x00000000eab00000,0x00000000eab00000,0x00000000ec800000)
  from space 1536K, 47% used [0x00000000edd00000,0x00000000eddb8000,0x00000000ede80000)
  to   space 1024K, 0% used [0x00000000edf00000,0x00000000edf00000,0x00000000ee000000)
 ParOldGen       total 361472K, used 341192K [0x00000000c0000000, 0x00000000d6100000, 0x00000000eab00000)
  object space 361472K, 94% used [0x00000000c0000000,0x00000000d4d32340,0x00000000d6100000)
 Metaspace       used 66903K, committed 67904K, reserved 1114112K
  class space    used 6981K, committed 7424K, reserved 1048576K
}
Event: 173.227 GC heap before
{Heap before GC invocations=158 (full 10):
 PSYoungGen      total 31232K, used 30298K [0x00000000eab00000, 0x00000000ee000000, 0x0000000100000000)
  eden space 29696K, 99% used [0x00000000eab00000,0x00000000ec7deb00,0x00000000ec800000)
  from space 1536K, 47% used [0x00000000edd00000,0x00000000eddb8000,0x00000000ede80000)
  to   space 1024K, 0% used [0x00000000edf00000,0x00000000edf00000,0x00000000ee000000)
 ParOldGen       total 361472K, used 341192K [0x00000000c0000000, 0x00000000d6100000, 0x00000000eab00000)
  object space 361472K, 94% used [0x00000000c0000000,0x00000000d4d32340,0x00000000d6100000)
 Metaspace       used 66987K, committed 67968K, reserved 1114112K
  class space    used 6981K, committed 7424K, reserved 1048576K
}
Event: 173.232 GC heap after
{Heap after GC invocations=158 (full 10):
 PSYoungGen      total 30720K, used 1024K [0x00000000eab00000, 0x00000000ee000000, 0x0000000100000000)
  eden space 29696K, 0% used [0x00000000eab00000,0x00000000eab00000,0x00000000ec800000)
  from space 1024K, 100% used [0x00000000edf00000,0x00000000ee000000,0x00000000ee000000)
  to   space 2560K, 0% used [0x00000000edb00000,0x00000000edb00000,0x00000000edd80000)
 ParOldGen       total 361472K, used 342360K [0x00000000c0000000, 0x00000000d6100000, 0x00000000eab00000)
  object space 361472K, 94% used [0x00000000c0000000,0x00000000d4e56350,0x00000000d6100000)
 Metaspace       used 66987K, committed 67968K, reserved 1114112K
  class space    used 6981K, committed 7424K, reserved 1048576K
}

